* Checking for deprecated package usage... OK
* Checking for remote package usage...
* ERROR: Package dependencies must be on CRAN or Bioconductor. Remove 'Remotes:' from DESCRIPTION
* Checking for 'LazyData: true' usage... OK
* Checking version number... OK
* Checking version number validity...
* ERROR: Invalid package Version, see https://contributions.bioconductor.org/versionnum.html
* Checking R version dependency... OK
* Checking package size... OK
* Checking individual file sizes... OK
* Checking biocViews... OK
* Checking that biocViews are present...
* ERROR: No biocViews terms found.
* Checking build system compatibility... OK
* Checking for blank lines in DESCRIPTION... OK
* Checking if DESCRIPTION is well formatted... OK
* Checking for proper Description: field...
* NOTE: The Description field in the DESCRIPTION is made up by less than 3 sentences. Please consider expanding this field, and structure it as a full paragraph
* Checking for whitespace in DESCRIPTION field names... OK
* Checking that Package field matches directory/tarball name... OK
* Checking for Version field... OK
* Checking for valid maintainer... OK
* Checking License: for restrictive use...
* NOTE: License 'GPL (>= 3.0)' unknown; licenses cannot restrict use
* Checking for recommeded fields in DESCRIPTION...
* NOTE: Provide 'URL', 'BugReports' field(s) in DESCRIPTION
* Checking for pinned package versions... OK
* Checking DESCRIPTION/NAMESPACE consistency... OK
* Checking .Rbuildignore... OK
* Checking for stray BiocCheck output folders... OK
* Checking for inst/doc folders... OK
* Checking vignette directory...
* ERROR: No 'vignettes' directory.
* Checking package installation calls in R code... OK
* Checking for library/require of MeDAM... OK
* Checking coding practice...
* NOTE:  Avoid sapply(); use vapply()
Found in files:
R/diff-analysis.R (line 105, column 11)
R/diff-analysis.R (line 107, column 16)
* NOTE:  Avoid 1:...; use seq_len() or seq_along()
Found in files:
medam-batch.R (line 225, column 12)
wgcna.R (line 33, column 15)
* Checking parsed R code in R directory, examples, vignettes...
* NOTE: Avoid 'suppressWarnings'/'*Messages' if possible (found 2 times)
suppressMessages() in R/diff-analysis.R (line 101, column 18)
suppressWarnings() in R/disease-ora.R (line  29, column 10)
* Checking function lengths...
* NOTE: The recommended function length is 50 lines or less. There are 3 functions greater than 50 lines.
The longest 5 functions are:
diff_metabolites() (R/diff-analysis.R): 77 lines
medam_batch() (R/medam-batch.R): 65 lines
medam_batch_manual() (R/medam-batch.R): 57 lines
* Checking man page documentation...
* WARNING: Empty or missing \value sections found in man pages.
Found in files:
man/IBD.metabolomics.Rd
man/PE.metabolomics.Rd
man/scale_abundance.Rd
* ERROR: At least 80% of man pages documenting exported objects must have runnable examples.
The following pages do not:
compound2cid.Rd
dbquery.Rd
diff_metabolites.Rd
disease2doid.Rd
drgene_ora.Rd
drgene_search.Rd
enrichment.Rd
medam_batch_manual.Rd
medam_batch.Rd
medam_coab_metabolites.Rd
medam_ssim_metabolites.Rd
medam_target_proteins.Rd
protein2stringid.Rd
scale_abundance.Rd
ssim_search.Rd
stitch_expt_cpi.Rd
stitch_network.Rd
string_network.Rd
wgcna_analysis.Rd
* NOTE: Usage of dontrun{} / donttest{} tags found in man page examples. 36% of man pages use at least one of these tags.
Found in files:
compound2cid.Rd
dbquery.Rd
diff_metabolites.Rd
disease2doid.Rd
drgene_search.Rd
protein2stringid.Rd
ssim_search.Rd
wgcna_analysis.Rd
* NOTE: Use donttest{} instead of dontrun{}.
Found in files:
compound2cid.Rd
dbquery.Rd
diff_metabolites.Rd
disease2doid.Rd
drgene_search.Rd
protein2stringid.Rd
ssim_search.Rd
wgcna_analysis.Rd
* Checking package NEWS...
* NOTE: Consider adding a NEWS file, so your package news will be included in Bioconductor release announcements.
* Checking unit tests...
* NOTE: Consider adding unit tests. We strongly encourage them. See
  https://contributions.bioconductor.org/tests.html
* Checking skip_on_bioc() in tests... OK
* Checking formatting of DESCRIPTION, NAMESPACE, man pages, R source, and vignette source...
* NOTE: Consider shorter lines; 7 lines (0%) are > 80 characters long.
First few lines:
R/id-mapping.R#L7 #' @importFrom dplyr pull mutate group_b ...
R/RcppExports.R#L4 TOMsimilarity_parallel <- function(Adjac ...
R/RcppExports.R#L5     .Call('_MeDAM_TOMsimilarity_parallel ...
man/drgene_ora.Rd#L21 \item \code{indrg} number of intersectio ...
man/MeDAM-package.Rd#L7 \title{MeDAM: extrapolation of potential ...
man/MeDAM-package.Rd#L9 MeDAM is a complementary bioinformatic p ...
man/MeDAM-package.Rd#L12 \strong{Maintainer}: Li Zhan \email{smu1 ...
* NOTE: Consider 4 spaces instead of tabs; 1 lines (0%) contain tabs.
First few lines:
R/id-mapping.R#L105 #' @param fixed	If TRUE match "disease"  ...
* NOTE: Consider multiples of 4 spaces for line indents; 459 lines (18%) are not.
First few lines:
R/diff-analysis.R#L52                              resp, ...
R/diff-analysis.R#L53                              compared, ...
R/diff-analysis.R#L54                              ortho = FAL ...
R/diff-analysis.R#L55                              log10L = FA ...
R/diff-analysis.R#L56                              scaling = " ...
R/diff-analysis.R#L57                              test = "t.t ...
R/diff-analysis.R#L58                              padj_method ...
R/diff-analysis.R#L59                              vip_cutoff  ...
R/diff-analysis.R#L60                              padj_cutoff ...
R/diff-analysis.R#L61                              auc_cutoff  ...
R/diff-analysis.R#L62                              log2fc_cuto ...
R/diff-analysis.R#L63                              ...) { ...
R/diff-analysis.R#L64   lev <- na.omit(unique(resp)) ...
R/diff-analysis.R#L65   if (length(lev) != 2) { ...
R/diff-analysis.R#L67   } ...
R/diff-analysis.R#L68   if (missing(compared) || length(compar ...
R/diff-analysis.R#L71               "is not equal to the level ...
R/diff-analysis.R#L72               "then set to c(%s) automat ...
R/diff-analysis.R#L77   } ...
R/diff-analysis.R#L78   if (is.null(list(...)$origin)) { ...
R/diff-analysis.R#L80   } else { ...
R/diff-analysis.R#L82   } ...
R/diff-analysis.R#L83   if (log10L) { ...
R/diff-analysis.R#L85   } ...
R/diff-analysis.R#L86   abundance <- scale_abundance(abundance ...
R/diff-analysis.R#L87   if (ortho) { ...
R/diff-analysis.R#L89                    fig.pdfC = "none") ...
R/diff-analysis.R#L91   } else { ...
R/diff-analysis.R#L94   } ...
R/diff-analysis.R#L95   statistic <- apply(abundance, 2, funct ...
R/diff-analysis.R#L97       fit <- t.test(x ~ resp) ...
R/diff-analysis.R#L99       fit <- wilcox.test(x ~ resp) ...
R/diff-analysis.R#L104   }) ...
R/diff-analysis.R#L105   pval <- sapply(statistic, `[[`, "pval" ...
R/diff-analysis.R#L106   adj_pval <- p.adjust(pval, method = pa ...
R/diff-analysis.R#L107   auc_value <- sapply(statistic, `[[`, " ...
R/diff-analysis.R#L108   fc <- apply(old_abun, 2, function(x) { ...
R/diff-analysis.R#L111   }) ...
R/diff-analysis.R#L112   log2fc <- log2(fc) ...
R/diff-analysis.R#L113   fc_direct <- paste0(compared, collapse ...
R/diff-analysis.R#L114   metabolite <- colnames(abundance) ...
R/diff-analysis.R#L115   res <- tibble(metabolite = metabolite, ...
R/diff-analysis.R#L118   auc_cutoff2 <- 1 - auc_cutoff ...
R/diff-analysis.R#L119   res <- res |> ...
R/diff-analysis.R#L126   return(res) ...
R/disease-ora.R#L24   drg <- medam |> ...
R/disease-ora.R#L29   drg <- suppressWarnings(bitr(drg, "ENT ...
R/disease-ora.R#L30   drg <- as_tibble(drg) ...
R/disease-ora.R#L31   return(drg) ...
R/disease-ora.R#L54   res <- list(ngene = 0, indrg = 0, pval ...
R/disease-ora.R#L55   if (!is.null(nodes)) { ...
R/disease-ora.R#L64       res$indrg <- q + 1 ...
R/disease-ora.R#L65       res$pvalue <- phyper(q, m, n, k, l ...
R/disease-ora.R#L66       res$overlap <- iprot |> ...
R/disease-ora.R#L71   } ...
R/disease-ora.R#L72   return(res) ...
R/enrichment.R#L18                        padj = "BH", ...
R/enrichment.R#L19                        pcutoff = 0.05, ...
R/enrichment.R#L20                        ont = c("BP", "MF ...
R/enrichment.R#L21                                "WikiPath ...
R/enrichment.R#L22   if (!is.null(nodes)) { ...
R/enrichment.R#L26       gsid2gene <- medam_terms[[term]]$g ...
R/enrichment.R#L27       gsid2name <- medam_terms[[term]]$g ...
R/enrichment.R#L28       enricher(entrezid, ...
R/enrichment.R#L29                pAdjustMethod = padj, ...
R/enrichment.R#L30                pvalueCutoff = pcutoff, ...
R/enrichment.R#L31                qvalueCutoff = 1, ...
R/enrichment.R#L32                TERM2GENE = gsid2gene, ...
R/enrichment.R#L33                TERM2NAME = gsid2name) ...
R/enrichment.R#L37   } ...
R/enrichment.R#L38   return(res) ...
R/enrichment.R#L44   if (inherits(enrichres, "enrichResult" ...
R/enrichment.R#L48       i <- match(x, iprot$external) ...
R/enrichment.R#L49       paste0(iprot$name[i], collapse = " ...
R/enrichment.R#L53   } ...
R/enrichment.R#L54   return(enrichres) ...
R/id-mapping.R#L28   is_cid <- grepl("^CID\\d+$", compound) ...
R/id-mapping.R#L29   cid <- sub("^CID", "", compound[is_cid ...
R/id-mapping.R#L30   c2cid <- tibble(compound = compound[is ...
R/id-mapping.R#L31                   stitch = cid2stitchid( ...
R/id-mapping.R#L32   non_cid <- compound[!is_cid] ...
R/id-mapping.R#L33   if (length(non_cid) > 0) { ...
R/id-mapping.R#L37       dbquery("compound2cid", md5sum %in ...
R/id-mapping.R#L38       separate_longer_delim(cid, delim = ...
R/id-mapping.R#L39       mutate(stitch = cid2stitchid(cid)) ...
R/id-mapping.R#L40       group_by(md5sum) |> ...
R/id-mapping.R#L41       arrange(as.integer(cid), .by_group ...
R/id-mapping.R#L42       slice_head(n = 1) |> ...
R/id-mapping.R#L43       ungroup() ...
R/id-mapping.R#L45       left_join(md5sum2cid, by = "md5sum ...
R/id-mapping.R#L46       select(compound, cid, stitch) |> ...
R/id-mapping.R#L47       bind_rows(c2cid) ...
R/id-mapping.R#L48   } ...
R/id-mapping.R#L49   return(c2cid) ...
R/id-mapping.R#L57   md5sum <- compound |> ...
R/id-mapping.R#L61   compound2md5sum <- tibble(compound = c ...
R/id-mapping.R#L62   return(compound2md5sum) ...
R/id-mapping.R#L68   cnum <- as.integer(cid) ...
R/id-mapping.R#L69   cnum[is.na(cnum) | cnum >= 10^8] <- 0 ...
R/id-mapping.R#L70   stitchid <- sprintf("CIDs%08d", cnum) ...
R/id-mapping.R#L71   i <- which(cnum == 0) ...
R/id-mapping.R#L72   stitchid[i] <- NA ...
R/id-mapping.R#L73   return(stitchid) ...
R/id-mapping.R#L94   prot2stringid <- medam |> ...
R/id-mapping.R#L98   return(prot2stringid) ...
R/id-mapping.R#L129   if (fixed) { ...
R/id-mapping.R#L131       dbquery("disease2doid", disease == ...
R/id-mapping.R#L132   } else { ...
R/id-mapping.R#L135       dbquery("disease2doid", str_like(d ...
R/id-mapping.R#L136   } ...
R/id-mapping.R#L137   return(d2doid) ...
R/medam-arm.R#L57                                   compou ...
R/medam-arm.R#L58                                   protei ...
R/medam-arm.R#L59                                   score  ...
R/medam-arm.R#L60                                   use_ec ...
R/medam-arm.R#L61                                   ecpi_s ...
R/medam-arm.R#L62                                   drg =  ...
R/medam-arm.R#L63                                   univer ...
R/medam-arm.R#L64                                   padj = ...
R/medam-arm.R#L65                                   pcutof ...
R/medam-arm.R#L66                                   ont =  ...
R/medam-arm.R#L67                                          ...
R/medam-arm.R#L68   stringid <- c() ...
R/medam-arm.R#L69   if (use_ecpi) { ...
R/medam-arm.R#L74   } ...
R/medam-arm.R#L75   if (!is.null(protein)) { ...
R/medam-arm.R#L78   } ...
R/medam-arm.R#L79   if (length(stringid) > 0) { ...
R/medam-arm.R#L83   } else { ...
R/medam-arm.R#L85   } ...
R/medam-arm.R#L86   return(res) ...
R/medam-arm.R#L152                                    compo ...
R/medam-arm.R#L153                                    score ...
R/medam-arm.R#L154                                    use_w ...
R/medam-arm.R#L155                                    abund ...
R/medam-arm.R#L156                                    netwo ...
R/medam-arm.R#L157                                    corMe ...
R/medam-arm.R#L158                                    minMo ...
R/medam-arm.R#L159                                    cutHe ...
R/medam-arm.R#L160                                    drg = ...
R/medam-arm.R#L161                                    unive ...
R/medam-arm.R#L162                                    padj  ...
R/medam-arm.R#L163                                    pcuto ...
R/medam-arm.R#L164                                    ont = ...
R/medam-arm.R#L165                                          ...
R/medam-arm.R#L166   if (length(compound) == 1 && use_wgcna ...
R/medam-arm.R#L170   } else { ...
R/medam-arm.R#L172   } ...
R/medam-arm.R#L173   stitchid <- compound2cid(medam, cocomp ...
R/medam-arm.R#L174   if (length(stitchid) > 0) { ...
R/medam-arm.R#L178   } else { ...
R/medam-arm.R#L180   } ...
R/medam-arm.R#L181   return(res) ...
R/medam-arm.R#L236                                    compo ...
R/medam-arm.R#L237                                    score ...
R/medam-arm.R#L238                                    searc ...
R/medam-arm.R#L239                                    drg = ...
R/medam-arm.R#L240                                    unive ...
R/medam-arm.R#L241                                    padj  ...
R/medam-arm.R#L242                                    pcuto ...
R/medam-arm.R#L243                                    ont = ...
R/medam-arm.R#L244                                          ...
R/medam-arm.R#L245   c2cid <- compound2cid(medam, compound) ...
R/medam-arm.R#L246   if (length(compound) == 1 && search_ss ...
R/medam-arm.R#L249   } else { ...
R/medam-arm.R#L251   } ...
R/medam-arm.R#L252   if (length(stitchid) > 0) { ...
R/medam-arm.R#L256   } else { ...
R/medam-arm.R#L258   } ...
R/medam-arm.R#L259   return(res) ...
R/medam-batch.R#L75   daa <- diff_metabolites(abundance = ab ...
R/medam-batch.R#L76                           resp = resp, ...
R/medam-batch.R#L77                           compared = com ...
R/medam-batch.R#L78                           ortho = ortho, ...
R/medam-batch.R#L79                           log10L = log10 ...
R/medam-batch.R#L80                           scaling = scal ...
R/medam-batch.R#L81                           padj_method =  ...
R/medam-batch.R#L82                           vip_cutoff = v ...
R/medam-batch.R#L83                           padj_cutoff =  ...
R/medam-batch.R#L84                           auc_cutoff = a ...
R/medam-batch.R#L85                           log2fc_cutoff  ...
R/medam-batch.R#L86   wgcna <- wgcna_analysis(abundance, net ...
R/medam-batch.R#L87                           minModuleSize, ...
R/medam-batch.R#L88   daa <- daa |> ...
R/medam-batch.R#L90   c2cid <- compound2cid(medam, colnames( ...
R/medam-batch.R#L91   daa <- daa |> ...
R/medam-batch.R#L94   tgtp_nw <- medam_tgtp_batch(medam, daa ...
R/medam-batch.R#L95   coabm_nw <- medam_coabm_batch(medam, d ...
R/medam-batch.R#L96   ssimm_nw <- medam_ssimm_batch(medam, d ...
R/medam-batch.R#L97   all_network <- list(target_proteins =  ...
R/medam-batch.R#L98                       coab_metabolites = ...
R/medam-batch.R#L99                       ssim_metabolites = ...
R/medam-batch.R#L100   if (grepl("DOID:\\d+", disease)) { ...
R/medam-batch.R#L102   } else { ...
R/medam-batch.R#L104   } ...
R/medam-batch.R#L105   drg <- drgene_search(medam, doid) ...
R/medam-batch.R#L106   eg <- pull(drg, ENTREZID) ...
R/medam-batch.R#L107   tgtp_drgora <- drgora_batch(tgtp_nw, " ...
R/medam-batch.R#L108   coabm_drgora <- drgora_batch(coabm_nw, ...
R/medam-batch.R#L109   ssimm_drgora <- drgora_batch(ssimm_nw, ...
R/medam-batch.R#L110   all_drgora <- tgtp_drgora |> ...
R/medam-batch.R#L113   disease <- list(name = disease, doid = ...
R/medam-batch.R#L114   res <- list(daa = daa, network = all_n ...
R/medam-batch.R#L115               disease = disease) ...
R/medam-batch.R#L116   return(res) ...
R/medam-batch.R#L155                                metabolit ...
R/medam-batch.R#L156                                disease, ...
R/medam-batch.R#L157                                abundance ...
R/medam-batch.R#L158                                score = 7 ...
R/medam-batch.R#L159                                ecpi_scor ...
R/medam-batch.R#L160                                networkTy ...
R/medam-batch.R#L161                                corMethod ...
R/medam-batch.R#L162                                minModule ...
R/medam-batch.R#L163                                cutHeight ...
R/medam-batch.R#L164                                universe  ...
R/medam-batch.R#L165                                nthreads  ...
R/medam-batch.R#L166   daa <- tibble(metabolite = metabolites ...
R/medam-batch.R#L167   if (!is.null(abundance)) { ...
R/medam-batch.R#L171       left_join(daa, by = "metabolite")  ...
R/medam-batch.R#L172       mutate(significant = if_else(is.na ...
R/medam-batch.R#L173   } ...
R/medam-batch.R#L174   daa <- daa |> ...
R/medam-batch.R#L176               by = c("metabolite" = "com ...
R/medam-batch.R#L177   tgtp_nw <- medam_tgtp_batch(medam, daa ...
R/medam-batch.R#L178   if (!is.null(abundance)) { ...
R/medam-batch.R#L180   } else { ...
R/medam-batch.R#L182   } ...
R/medam-batch.R#L183   ssimm_nw <- medam_ssimm_batch(medam, d ...
R/medam-batch.R#L184   all_network <- list(target_proteins =  ...
R/medam-batch.R#L185                       ssim_metabolites = ...
R/medam-batch.R#L186   if (grepl("DOID:\\d+", disease)) { ...
R/medam-batch.R#L188   } else { ...
R/medam-batch.R#L190   } ...
R/medam-batch.R#L191   drg <- drgene_search(medam, doid) ...
R/medam-batch.R#L192   eg <- pull(drg, ENTREZID) ...
R/medam-batch.R#L193   tgtp_drgora <- drgora_batch(tgtp_nw, " ...
R/medam-batch.R#L194   if (!is.null(abundance)) { ...
R/medam-batch.R#L196   } else { ...
R/medam-batch.R#L198   } ...
R/medam-batch.R#L199   ssimm_drgora <- drgora_batch(ssimm_nw, ...
R/medam-batch.R#L200   all_drgora <- all_drgora <- tgtp_drgor ...
R/medam-batch.R#L202   if (!is.null(abundance)) { ...
R/medam-batch.R#L205   } ...
R/medam-batch.R#L206   disease <- list(name = disease, doid = ...
R/medam-batch.R#L207   res <- list(daa = daa, network = all_n ...
R/medam-batch.R#L208               disease = disease) ...
R/medam-batch.R#L209   return(res) ...
R/medam-batch.R#L217   drgora <- lapply(network, function(x)  ...
R/medam-batch.R#L220   }) ...
R/medam-batch.R#L221   drgora <- do.call(rbind, drgora) |> ...
R/medam-batch.R#L227   return(drgora) ...
R/medam-batch.R#L233   sdat <- dat |> filter(significant == 1 ...
R/medam-batch.R#L234   c2tgtp <- sdat |> ...
R/medam-batch.R#L240   stringid <- c2tgtp |> pull(stringv12)  ...
R/medam-batch.R#L241   nw <- string_network(medam, stringid,  ...
R/medam-batch.R#L242   c2tgtp <- split(x = c2tgtp$stringv12,  ...
R/medam-batch.R#L243   c2nw <- lapply(c2tgtp, function(tgtpst ...
R/medam-batch.R#L245       filter(node1 %in% !!tgtpstring | n ...
R/medam-batch.R#L251       filter(node1 %in% !!nottgtp, node2 ...
R/medam-batch.R#L254       filter(id %in% !!allnode) |> ...
R/medam-batch.R#L255       mutate(network = if_else(id %in% t ...
R/medam-batch.R#L257   }) ...
R/medam-batch.R#L258   res <- vector("list", nrow(sdat)) ...
R/medam-batch.R#L259   names(res) <- sdat |> pull(metabolite) ...
R/medam-batch.R#L260   for (x in names(c2nw)) { ...
R/medam-batch.R#L262   } ...
R/medam-batch.R#L263   return(res) ...
R/medam-batch.R#L269   sdat <- dat |> filter(significant == 1 ...
R/medam-batch.R#L270   c2ssimm <- sdat |> ...
R/medam-batch.R#L277   stitchid <- c2ssimm |> pull(ssimstitch ...
R/medam-batch.R#L278   nw <- stitch_network(medam, stitchid,  ...
R/medam-batch.R#L279   c2ssimm <- split(x = c2ssimm$ssimstitc ...
R/medam-batch.R#L280   c2nw <- lapply(c2ssimm, function(ssims ...
R/medam-batch.R#L284       filter(node1 %in% !!cnode, node2 % ...
R/medam-batch.R#L287       filter(node1 %in% !!pnode, node2 % ...
R/medam-batch.R#L292   }) ...
R/medam-batch.R#L293   res <- vector("list", nrow(sdat)) ...
R/medam-batch.R#L294   names(res) <- sdat |> pull(metabolite) ...
R/medam-batch.R#L295   for (x in names(c2nw)) { ...
R/medam-batch.R#L297   } ...
R/medam-batch.R#L298   return(res) ...
R/medam-batch.R#L304   sdat <- dat |> filter(significant == 1 ...
R/medam-batch.R#L305   mod <- sdat |> pull(module) |> unique( ...
R/medam-batch.R#L306   stitchid <- dat |> ...
R/medam-batch.R#L311   nw <- stitch_network(medam, stitchid,  ...
R/medam-batch.R#L312   mod2coabm <- dat |> ...
R/medam-batch.R#L315   mod2nw <- lapply(mod2coabm, function(c ...
R/medam-batch.R#L319       filter(node1 %in% !!cnode, node2 % ...
R/medam-batch.R#L322       filter(node1 %in% !!pnode, node2 % ...
R/medam-batch.R#L327   }) ...
R/medam-batch.R#L328   res <- sdat |> ...
R/medam-batch.R#L331   names(res) <- sdat |> pull(metabolite) ...
R/medam-batch.R#L332   return(res) ...
R/network.R#L16   ecpi <- medam |> ...
R/network.R#L20   stringid <- pull(ecpi, node2) ...
R/network.R#L21   eprotinfo <- medam |> ...
R/network.R#L23   ecpi <- ecpi |> ...
R/network.R#L27   return(ecpi) ...
R/network.R#L68   ppi <- medam |> ...
R/network.R#L72   pnode1 <- pull(ppi, node1) ...
R/network.R#L73   pnode2 <- pull(ppi, node2) ...
R/network.R#L74   allprot <- unique(c(pnode1, pnode2)) ...
R/network.R#L75   newprot <- allprot[!allprot %in% strin ...
R/network.R#L76   ppi2 <- medam |> ...
R/network.R#L81   ppi <- rbind(ppi, ppi2) |> ...
R/network.R#L84   protinfo <- medam |> ...
R/network.R#L88            network = if_else(id %in% str ...
R/network.R#L89   res <- list(edges = ppi, nodes = proti ...
R/network.R#L90   return(res) ...
R/network.R#L130   cpi <- medam |> ...
R/network.R#L135   stitchid <- cpi |> pull(node1) |> uniq ...
R/network.R#L136   cci <- medam |> ...
R/network.R#L143   stringid <- cpi |> pull(node2) |> uniq ...
R/network.R#L144   ppi <- medam |> ...
R/network.R#L151   cheminfo <- medam |> ...
R/network.R#L156   protinfo <- medam |> ...
R/network.R#L161   edges <- bind_rows(cpi, cci, ppi) ...
R/network.R#L162   nodes <- bind_rows(cheminfo, protinfo) ...
R/network.R#L163   res <- list(edges = edges, nodes = nod ...
R/network.R#L164   return(res) ...
R/scale-methods.R#L10   xMeanVn <- apply(xMN, 2, function(colV ...
R/scale-methods.R#L11   switch(scaleC, ...
R/scale-methods.R#L12          none = { ...
R/scale-methods.R#L13            xMeanVn <- rep(0, ncol(xMN)) ...
R/scale-methods.R#L14            xSdVn <- rep(1, times = ncol( ...
R/scale-methods.R#L15          }, ...
R/scale-methods.R#L16          center = { ...
R/scale-methods.R#L17            xSdVn <- rep(1, times = ncol( ...
R/scale-methods.R#L18          }, ...
R/scale-methods.R#L19          pareto = { ...
R/scale-methods.R#L20            xSdVn <- apply(xMN, 2, functi ...
R/scale-methods.R#L21          }, ...
R/scale-methods.R#L22          standard = { ...
R/scale-methods.R#L23            xSdVn <- apply(xMN, 2, functi ...
R/scale-methods.R#L24          }) ...
R/scale-methods.R#L25   xMN <- scale(xMN, center = xMeanVn, sc ...
R/scale-methods.R#L26   return(xMN) ...
R/sql-utilities.R#L24   dbconn |> ...
R/ssim-search.R#L24   c2ssimcid <- medam |> ...
R/ssim-search.R#L28   return(c2ssimcid) ...
R/wgcna.R#L28                           networkType =  ...
R/wgcna.R#L29                           corMethod = "s ...
R/wgcna.R#L30                           minModuleSize  ...
R/wgcna.R#L31                           cutHeight = 0. ...
R/wgcna.R#L32                           nthreads = 10) ...
R/wgcna.R#L33   powers <- c(1:10, seq(12, 30, 2)) ...
R/wgcna.R#L34   enableWGCNAThreads(nthreads) ...
R/wgcna.R#L35   sft <- pickSoftThreshold(abundance, ...
R/wgcna.R#L36                            powerVector = ...
R/wgcna.R#L37                            networkType = ...
R/wgcna.R#L38   softPower <- sft$powerEstimate ...
R/wgcna.R#L39   disableWGCNAThreads() ...
R/wgcna.R#L40   adjMat <- adjacency(datExpr = abundanc ...
R/wgcna.R#L41                       power = softPower, ...
R/wgcna.R#L42                       type = networkType ...
R/wgcna.R#L43                       corFnc = "cor", ...
R/wgcna.R#L44                       corOptions = list( ...
R/wgcna.R#L45   TOM <- TOMsimilarity_parallel(adjMat,  ...
R/wgcna.R#L46   dissTOM <- 1 - TOM ...
R/wgcna.R#L47   metaboTree <- flashClust(as.dist(dissT ...
R/wgcna.R#L48   moduleLabels <- cutreeDynamic(dendro = ...
R/wgcna.R#L54   merge <- mergeCloseModules( ...
R/wgcna.R#L60   ) ...
R/wgcna.R#L61   res <- tibble(metabolite = colnames(ab ...
R/wgcna.R#L63   return(res) ...
R/wgcna.R#L69   mod <- wgcna |> ...
R/wgcna.R#L72   cocompound <- wgcna |> ...
man/dbquery.Rd#L33   dbquery("disease2doid", disease \%in\% ...
man/diff_metabolites.Rd#L8   abundance, ...
man/diff_metabolites.Rd#L9   resp, ...
man/diff_metabolites.Rd#L10   compared, ...
man/diff_metabolites.Rd#L11   ortho = FALSE, ...
man/diff_metabolites.Rd#L12   log10L = FALSE, ...
man/diff_metabolites.Rd#L13   scaling = "standard", ...
man/diff_metabolites.Rd#L14   test = "t.test", ...
man/diff_metabolites.Rd#L15   padj_method = "none", ...
man/diff_metabolites.Rd#L16   vip_cutoff = 1, ...
man/diff_metabolites.Rd#L17   padj_cutoff = 0.01, ...
man/diff_metabolites.Rd#L18   auc_cutoff = 0.5, ...
man/diff_metabolites.Rd#L19   log2fc_cutoff = 1.5, ...
man/diff_metabolites.Rd#L20   ... ...
man/enrichment.Rd#L8   nodes, ...
man/enrichment.Rd#L9   padj = "BH", ...
man/enrichment.Rd#L10   pcutoff = 0.05, ...
man/enrichment.Rd#L11   ont = c("BP", "MF", "CC", "KEGG", "Wik ...
man/medam_batch_manual.Rd#L8   medam, ...
man/medam_batch_manual.Rd#L9   metabolites, ...
man/medam_batch_manual.Rd#L10   disease, ...
man/medam_batch_manual.Rd#L11   abundance = NULL, ...
man/medam_batch_manual.Rd#L12   score = 700, ...
man/medam_batch_manual.Rd#L13   ecpi_score = 800, ...
man/medam_batch_manual.Rd#L14   networkType = "signed", ...
man/medam_batch_manual.Rd#L15   corMethod = "spearman", ...
man/medam_batch_manual.Rd#L16   minModuleSize = 5, ...
man/medam_batch_manual.Rd#L17   cutHeight = 0.25, ...
man/medam_batch_manual.Rd#L18   universe = 21306, ...
man/medam_batch_manual.Rd#L19   nthreads = 10 ...
man/medam_batch.Rd#L8   medam, ...
man/medam_batch.Rd#L9   disease, ...
man/medam_batch.Rd#L10   abundance, ...
man/medam_batch.Rd#L11   resp, ...
man/medam_batch.Rd#L12   compared, ...
man/medam_batch.Rd#L13   ortho = FALSE, ...
man/medam_batch.Rd#L14   log10L = FALSE, ...
man/medam_batch.Rd#L15   scaling = "standard", ...
man/medam_batch.Rd#L16   vip_cutoff = 1, ...
man/medam_batch.Rd#L17   test = "t.test", ...
man/medam_batch.Rd#L18   padj_method = "none", ...
man/medam_batch.Rd#L19   padj_cutoff = 0.01, ...
man/medam_batch.Rd#L20   auc_cutoff = 0.5, ...
man/medam_batch.Rd#L21   log2fc_cutoff = 1.5, ...
man/medam_batch.Rd#L22   score = 700, ...
man/medam_batch.Rd#L23   ecpi_score = 800, ...
man/medam_batch.Rd#L24   networkType = "signed", ...
man/medam_batch.Rd#L25   corMethod = "spearman", ...
man/medam_batch.Rd#L26   minModuleSize = 5, ...
man/medam_batch.Rd#L27   cutHeight = 0.25, ...
man/medam_batch.Rd#L28   universe = 21306, ...
man/medam_batch.Rd#L29   nthreads = 10 ...
man/medam_coab_metabolites.Rd#L8   medam, ...
man/medam_coab_metabolites.Rd#L9   compound, ...
man/medam_coab_metabolites.Rd#L10   score = 700, ...
man/medam_coab_metabolites.Rd#L11   use_wgcna = TRUE, ...
man/medam_coab_metabolites.Rd#L12   abundance = NULL, ...
man/medam_coab_metabolites.Rd#L13   networkType = "signed", ...
man/medam_coab_metabolites.Rd#L14   corMethod = "spearman", ...
man/medam_coab_metabolites.Rd#L15   minModuleSize = 5, ...
man/medam_coab_metabolites.Rd#L16   cutHeight = 0.25, ...
man/medam_coab_metabolites.Rd#L17   drg = NULL, ...
man/medam_coab_metabolites.Rd#L18   universe = 21306, ...
man/medam_coab_metabolites.Rd#L19   padj = "BH", ...
man/medam_coab_metabolites.Rd#L20   pcutoff = 0.05, ...
man/medam_coab_metabolites.Rd#L21   ont = c("BP", "MF", "CC", "KEGG", "Wik ...
man/medam_ssim_metabolites.Rd#L8   medam, ...
man/medam_ssim_metabolites.Rd#L9   compound, ...
man/medam_ssim_metabolites.Rd#L10   score = 700, ...
man/medam_ssim_metabolites.Rd#L11   search_ssim = TRUE, ...
man/medam_ssim_metabolites.Rd#L12   drg = NULL, ...
man/medam_ssim_metabolites.Rd#L13   universe = 21306, ...
man/medam_ssim_metabolites.Rd#L14   padj = "BH", ...
man/medam_ssim_metabolites.Rd#L15   pcutoff = 0.05, ...
man/medam_ssim_metabolites.Rd#L16   ont = c("BP", "MF", "CC", "KEGG", "Wik ...
man/medam_target_proteins.Rd#L8   medam, ...
man/medam_target_proteins.Rd#L9   compound, ...
man/medam_target_proteins.Rd#L10   protein = NULL, ...
man/medam_target_proteins.Rd#L11   score = 700, ...
man/medam_target_proteins.Rd#L12   use_ecpi = TRUE, ...
man/medam_target_proteins.Rd#L13   ecpi_score = 800, ...
man/medam_target_proteins.Rd#L14   drg = NULL, ...
man/medam_target_proteins.Rd#L15   universe = 21306, ...
man/medam_target_proteins.Rd#L16   padj = "BH", ...
man/medam_target_proteins.Rd#L17   pcutoff = 0.05, ...
man/medam_target_proteins.Rd#L18   ont = c("BP", "MF", "CC", "KEGG", "Wik ...
man/wgcna_analysis.Rd#L8   abundance, ...
man/wgcna_analysis.Rd#L9   networkType = "signed", ...
man/wgcna_analysis.Rd#L10   corMethod = "spearman", ...
man/wgcna_analysis.Rd#L11   minModuleSize = 5, ...
man/wgcna_analysis.Rd#L12   cutHeight = 0.25, ...
man/wgcna_analysis.Rd#L13   nthreads = 10 ...
* Checking if package already exists in CRAN... OK
* Checking for bioc-devel mailing list subscription...
* NOTE: Cannot determine whether maintainer is subscribed to the Bioc-Devel mailing list (requires admin credentials). Subscribe here: https://stat.ethz.ch/mailman/listinfo/bioc-devel
* Checking for support site registration...
* ERROR: Unable to find your email in the Support Site:
  HTTP 404 Not Found.
